::1 - - [15/Apr/2020:19:06:36 +0000] "GET / HTTP/1.1" 200 3792 "-" "Mozilla/5.0 (X11; Linux x86_64) AppleWebKit/537.36 (KHTML, like Gecko) Chrome/80.0.3987.106 Safari/537.36"
::1 - - [15/Apr/2020:19:06:41 +0000] "GET / HTTP/1.1" 304 - "http://localhost:8000/" "Mozilla/5.0 (X11; Linux x86_64) AppleWebKit/537.36 (KHTML, like Gecko) Chrome/80.0.3987.106 Safari/537.36"
[0mGET / [32m200[0m 121.912 ms - 12589[0m
[0mPOST /posts/create [32m200[0m 32.966 ms - 261[0m
[0mPOST /comments/create [32m200[0m 31.009 ms - 321[0m
[0mPOST /comments/create [36m302[0m 34.960 ms - 46[0m
[0mGET / [32m200[0m 86.887 ms - 15260[0m
[0mPOST /posts/create [32m200[0m 18.546 ms - 260[0m
[0mPOST /comments/create [32m200[0m 20.175 ms - 321[0m
[0mGET /users/profile/5e9033547fe925202f7800b9 [36m304[0m 16.066 ms - -[0m
[0mGET / [32m200[0m 54.558 ms - 16891[0m
[0mPOST /likes/toggle/?id=5eb57bd8b6467216482e0621&type=Post [32m200[0m 22.348 ms - 58[0m
[0mPOST /likes/toggle/?id=5eb57bdbb6467216482e0622&type=Comment [32m200[0m 21.066 ms - 58[0m
[0mPOST /likes/toggle/?id=5eb57bdbb6467216482e0622&type=Comment [32m200[0m 23.703 ms - 57[0m
[0mPOST /likes/toggle/?id=5eb57bd8b6467216482e0621&type=Post [32m200[0m 19.605 ms - 57[0m
[0mGET /posts/destroy/5eb57bbeb6467216482e061d [36m302[0m 21.117 ms - 88[0m
[0mGET / [32m200[0m 45.024 ms - 15278[0m
[0mGET /posts/destroy/5eb57b4a87468d15b8752ca4 [36m302[0m 18.977 ms - 88[0m
[0mGET / [32m200[0m 46.866 ms - 13360[0m
[0mGET /posts/destroy/5eb57bd8b6467216482e0621 [36m302[0m 19.658 ms - 88[0m
[0mGET / [32m200[0m 44.686 ms - 11442[0m
[0mGET /posts/destroy/5eb57b2987468d15b8752c9f [36m302[0m 18.887 ms - 88[0m
[0mGET / [32m200[0m 40.074 ms - 8591[0m
[0mGET / [32m200[0m 119.398 ms - 8285[0m
[0mPOST /posts/create [32m200[0m 31.068 ms - 260[0m
[0mGET /posts/destroy/5eb57ea162a99117b91f0da9 [32m200[0m 30.066 ms - 72[0m
[0mPOST /posts/create [32m200[0m 18.491 ms - 269[0m
[0mGET /users/profile/5e9033547fe925202f7800b9 [36m304[0m 19.010 ms - -[0m
[0mGET / [32m200[0m 47.716 ms - 9746[0m
[0mGET /posts/destroy/5eb57ea962a99117b91f0daa [36m302[0m 22.718 ms - 88[0m
[0mGET / [32m200[0m 42.039 ms - 8591[0m
[0mPOST /posts/create [32m200[0m 17.317 ms - 262[0m
[0mPOST /posts/create [32m200[0m 16.112 ms - 269[0m
[0mGET /users/profile/5e90c33a6d898428b5af0de5 [36m304[0m 16.240 ms - -[0m
[0mGET / [32m200[0m 42.605 ms - 11200[0m
[0mGET /posts/destroy/5eb57ebc62a99117b91f0dac [36m302[0m 19.847 ms - 88[0m
[0mGET / [32m200[0m 37.457 ms - 10045[0m
[0mGET /posts/destroy/5eb57eb962a99117b91f0dab [36m302[0m 20.125 ms - 88[0m
[0mGET / [32m200[0m 49.553 ms - 8591[0m
[0mGET / [32m200[0m 124.454 ms - 8285[0m
[0mPOST /posts/create [32m200[0m 30.161 ms - 263[0m
[0mGET /posts/destroy/5eb57ed568446c17eca6be44 [32m200[0m 25.151 ms - 72[0m
[0mPOST /posts/create [32m200[0m 18.558 ms - 267[0m
[0mGET /users/profile/5e9033547fe925202f7800b9 [36m304[0m 21.114 ms - -[0m
[0mGET / [32m200[0m 49.181 ms - 9744[0m
[0mGET /posts/destroy/5eb57eda68446c17eca6be45 [36m302[0m 30.011 ms - 88[0m
[0mGET / [32m200[0m 38.813 ms - 8591[0m
[0mGET /users/sign-out [36m302[0m 8.224 ms - 46[0m
[0mGET / [32m200[0m 29.924 ms - 6365[0m
[0mGET / [32m200[0m 33.397 ms - 6076[0m
[0mGET /users/profile/5e943bd0c72b9b32b82c9dd6 [36m302[0m 3.631 ms - 72[0m
[0mGET /users/sign-in [36m304[0m 7.815 ms - -[0m
[0mGET / [36m304[0m 35.087 ms - -[0m
[0mGET /users/sign-in [36m304[0m 7.523 ms - -[0m
[0mGET /users/sign-up [36m304[0m 5.074 ms - -[0m
[0mGET /users/sign-in [36m304[0m 5.593 ms - -[0m
[0mPOST /users/create-session [36m302[0m 10.350 ms - 46[0m
[0mGET / [32m200[0m 39.187 ms - 8576[0m
[0mGET / [32m200[0m 44.861 ms - 8285[0m
[0mGET /users/sign-out [36m302[0m 6.978 ms - 46[0m
[0mGET / [32m200[0m 30.078 ms - 6365[0m
[0mGET /users/sign-in [36m304[0m 4.637 ms - -[0m
[0mGET /users/sign-up [36m304[0m 5.669 ms - -[0m
[0mGET /users/sign-up [36m304[0m 4.822 ms - -[0m
[0mGET /users/sign-in [36m304[0m 4.118 ms - -[0m
[0mGET /users/sign-in [36m304[0m 5.756 ms - -[0m
[0mPOST /users/create-session [36m302[0m 6.099 ms - 46[0m
[0mGET / [32m200[0m 30.581 ms - 8576[0m
[0mPOST /likes/toggle/?id=5e9445726d354637f486d5da&type=Post [32m200[0m 20.145 ms - 57[0m
[0mPOST /likes/toggle/?id=5e9445726d354637f486d5da&type=Post [32m200[0m 23.254 ms - 58[0m
[0mGET /users/sign-out [36m302[0m 7.063 ms - 46[0m
[0mGET / [32m200[0m 28.388 ms - 6365[0m
[0mGET /users/sign-in [36m304[0m 5.975 ms - -[0m
[0mPOST /users/create-session [36m302[0m 8.241 ms - 72[0m
[0mGET /users/sign-in [32m200[0m 4.352 ms - 2603[0m
[0mPOST /users/create-session [36m302[0m 4.813 ms - 72[0m
[0mGET /users/sign-in [36m304[0m 5.106 ms - -[0m
[0mGET /users/auth/google [36m302[0m 10.239 ms - 0[0m
[0mGET /users/auth/google/callback?code=4%2FzgEK1uQapd8XC3buzVgRa7bfKvv4uigLID_WwitLAwkvfH46iWlthe3CnmfP_DWH9vaYgNr_R8UkmknUNaGaIKo&scope=email+profile+https%3A%2F%2Fwww.googleapis.com%2Fauth%2Fuserinfo.email+openid+https%3A%2F%2Fwww.googleapis.com%2Fauth%2Fuserinfo.profile&authuser=0&prompt=none [36m302[0m 2022.138 ms - 46[0m
[0mGET / [32m200[0m 42.634 ms - 8743[0m
[0mPOST /likes/toggle/?id=5e9445726d354637f486d5da&type=Post [32m200[0m 13.872 ms - 57[0m
[0mPOST /likes/toggle/?id=5e9445726d354637f486d5da&type=Post [32m200[0m 20.879 ms - 58[0m
[0mGET /users/sign-out [36m302[0m 7.659 ms - 46[0m
[0mGET / [32m200[0m 29.423 ms - 6365[0m
[0mGET /users/profile/5e90c33a6d898428b5af0de5 [36m302[0m 2.836 ms - 72[0m
[0mGET /users/sign-in [32m200[0m 5.527 ms - 2311[0m
[0mGET / [32m200[0m 29.642 ms - 6076[0m
[0mGET /users/profile/5e9033547fe925202f7800b9 [36m302[0m 3.313 ms - 72[0m
[0mGET /users/sign-in [36m304[0m 5.637 ms - -[0m
[0mPOST /users/create-session [36m302[0m 6.130 ms - 46[0m
[0mGET / [32m200[0m 32.795 ms - 8576[0m
[0mPOST /likes/toggle/?id=5e9445726d354637f486d5da&type=Post [32m200[0m 65.723 ms - 57[0m
[0mPOST /likes/toggle/?id=5e9445726d354637f486d5da&type=Post [32m200[0m 27.098 ms - 58[0m
[0mGET /users/sign-out [36m302[0m 17.445 ms - 46[0m
[0mGET / [32m200[0m 45.557 ms - 6365[0m
[0mGET /users/sign-up [36m304[0m 9.025 ms - -[0m
[0mPOST /users/create [36m302[0m 10.679 ms - 72[0m
[0mGET /users/sign-in [36m304[0m 7.481 ms - -[0m
[0mPOST /users/create-session [36m302[0m 13.287 ms - 46[0m
[0mGET / [32m200[0m 32.543 ms - 8705[0m
[0mPOST /likes/toggle/?id=5e9445726d354637f486d5da&type=Post [32m200[0m 27.041 ms - 58[0m
[0mPOST /posts/create [32m200[0m 70.086 ms - 259[0m
[0mPOST /posts/create [32m200[0m 18.605 ms - 259[0m
[0mPOST /likes/toggle/?id=5eb58b5d5158281c55b9357d&type=Post [32m200[0m 26.617 ms - 58[0m
[0mPOST /likes/toggle/?id=5eb58b5d5158281c55b9357d&type=Post [32m200[0m 18.835 ms - 57[0m
[0mPOST /comments/create [32m200[0m 25.408 ms - 320[0m
[0mGET /users/profile/5e90c33a6d898428b5af0de5 [32m200[0m 22.406 ms - 2032[0m
[0mGET / [32m200[0m 49.307 ms - 11783[0m
[0mGET / [36m304[0m 115.578 ms - -[0m
[0mGET / [36m304[0m 47.967 ms - -[0m
[0mGET / [36m304[0m 39.961 ms - -[0m
[0mGET /users/profile/5eb58abddef2be1bfb820f2f [32m200[0m 16.482 ms - 2432[0m
[0mGET /users/sign-out [36m302[0m 16.929 ms - 46[0m
[0mGET / [32m200[0m 32.861 ms - 8000[0m
[0mGET / [0m-[0m - ms - -[0m
[0mGET / [32m200[0m 425.374 ms - 7711[0m
[0mGET /css/chat_box.css [33m404[0m 9.540 ms - 155[0m
[0mGET / [36m304[0m 130.238 ms - -[0m
[0mGET /css/chat_box.css [33m404[0m 6.460 ms - 155[0m
[0mGET /css/chat_box.css [33m404[0m 3.242 ms - 155[0m
[0mGET /users/sign-in [36m304[0m 20.182 ms - -[0m
[0mPOST /users/create-session [36m302[0m 17.438 ms - 46[0m
[0mGET / [32m200[0m 54.104 ms - 11758[0m
[0mGET /css/chat_box.css [33m404[0m 9.510 ms - 155[0m
[0mPOST /likes/toggle/?id=5e9445726d354637f486d5da&type=Post [32m200[0m 29.778 ms - 57[0m
[0mPOST /likes/toggle/?id=5e9445726d354637f486d5da&type=Post [32m200[0m 55.860 ms - 58[0m
[0mGET /users/profile/5eb58abddef2be1bfb820f2f [32m200[0m 28.335 ms - 2071[0m
[0mGET /users/profile/5eb58abddef2be1bfb820f2f [36m304[0m 16.262 ms - -[0m
[0mGET /users/profile/5eb58abddef2be1bfb820f2f [36m304[0m 13.384 ms - -[0m
[0mGET /users/profile/5e9033547fe925202f7800b9 [32m200[0m 17.828 ms - 2483[0m
[0mGET / [32m200[0m 53.803 ms - 11467[0m
[0mGET /css/chat_box.css [33m404[0m 13.528 ms - 155[0m
[0mGET /users/profile/5eb58abddef2be1bfb820f2f [36m304[0m 11.814 ms - -[0m
[0mGET /users/sign-out [36m302[0m 6.997 ms - 46[0m
[0mGET / [32m200[0m 52.389 ms - 8000[0m
[0mGET /css/chat_box.css [33m404[0m 9.368 ms - 155[0m
[0mGET / [32m200[0m 139.134 ms - 7711[0m
[0mGET /css/chat_box.css [33m404[0m 19.198 ms - 155[0m
[0mGET /js/home_post_comments.js [33m404[0m 16.328 ms - 163[0m
[0mGET /js/home_posts.js [33m404[0m 28.619 ms - 155[0m
[0mGET /js/toggle_likes.js [33m404[0m 4.112 ms - 157[0m
[0mGET /js/chat_engine.js [33m404[0m 3.461 ms - 156[0m
[0mGET /js/home_post_comments.js [33m404[0m 2.842 ms - 163[0m
[0mGET /js/home_posts.js [33m404[0m 3.083 ms - 155[0m
[0mGET /js/toggle_likes.js [33m404[0m 3.771 ms - 157[0m
[0mGET /js/chat_engine.js [33m404[0m 4.800 ms - 156[0m
[0mGET /users/sign-in [36m304[0m 21.316 ms - -[0m
[0mGET /css/layout.css [33m404[0m 5.006 ms - 153[0m
[0mGET /css/user_profile.css [33m404[0m 3.275 ms - 159[0m
[0mGET / [36m304[0m 42.867 ms - -[0m
[0mGET /css/layout.css [33m404[0m 2.982 ms - 153[0m
[0mGET /css/home.css [33m404[0m 9.084 ms - 151[0m
[0mGET /js/home_post_comments.js [33m404[0m 9.156 ms - 163[0m
[0mGET /js/home_posts.js [33m404[0m 10.512 ms - 155[0m
[0mGET /css/chat_box.css [33m404[0m 19.627 ms - 155[0m
[0mGET /css/user_profile.css [33m404[0m 20.282 ms - 159[0m
[0mGET /js/toggle_likes.js [33m404[0m 22.748 ms - 157[0m
[0mGET /js/chat_engine.js [33m404[0m 26.222 ms - 156[0m
[0mGET /js/home_post_comments.js [33m404[0m 3.139 ms - 163[0m
[0mGET /js/home_posts.js [33m404[0m 3.166 ms - 155[0m
[0mGET /js/toggle_likes.js [33m404[0m 4.022 ms - 157[0m
[0mGET /js/chat_engine.js [33m404[0m 4.909 ms - 156[0m
[0mGET /css/user_profile.css [33m404[0m 4.593 ms - 159[0m
[0mGET /users/sign-in [36m304[0m 38.901 ms - -[0m
[0mGET /users/sign-in [36m304[0m 10.945 ms - -[0m
[0mGET /css/layout.css [33m404[0m 7.679 ms - 153[0m
[0mGET /css/user_profile.css [33m404[0m 5.025 ms - 159[0m
[0mGET / [36m304[0m 95.888 ms - -[0m
[0mGET /css/layout.css [33m404[0m 3.526 ms - 153[0m
[0mGET /css/chat_box.css [33m404[0m 5.346 ms - 155[0m
[0mGET /css/user_profile.css [33m404[0m 3.001 ms - 159[0m
[0mGET /js/home_post_comments.js [33m404[0m 4.732 ms - 163[0m
[0mGET /js/chat_engine.js [33m404[0m 9.784 ms - 156[0m
[0mGET /js/toggle_likes.js [33m404[0m 11.827 ms - 157[0m
[0mGET /js/home_posts.js [33m404[0m 8.296 ms - 155[0m
[0mGET /js/home_post_comments.js [33m404[0m 2.262 ms - 163[0m
[0mGET /js/home_posts.js [33m404[0m 2.821 ms - 155[0m
[0mGET /js/toggle_likes.js [33m404[0m 2.976 ms - 157[0m
[0mGET /js/chat_engine.js [33m404[0m 3.577 ms - 156[0m
[0mGET / [36m304[0m 129.153 ms - -[0m
[0mGET /css/chat_box.css [33m404[0m 9.743 ms - 155[0m
[0mGET /users/sign-in [36m304[0m 10.289 ms - -[0m
[0mGET /users/sign-in [36m304[0m 45.510 ms - -[0m
[0mGET /users/sign-in [36m304[0m 11.769 ms - -[0m
[0mGET /css/layout.css [33m404[0m 6.358 ms - 153[0m
[0mGET /css/user_profile.css [33m404[0m 13.462 ms - 159[0m
[0mGET /users/sign-in [36m304[0m 6.575 ms - -[0m
[0mGET /css/layout.css [33m404[0m 4.693 ms - 153[0m
[0mGET /css/user_profile.css [33m404[0m 5.730 ms - 159[0m
[0mGET /users/sign-in [36m304[0m 12.953 ms - -[0m
[0mGET /css/user_profile.css [33m404[0m 6.560 ms - 159[0m
[0mGET /css/layout.css [33m404[0m 6.051 ms - 153[0m
[0mGET / [36m304[0m 102.333 ms - -[0m
[0mGET /css/chat_box.css [33m404[0m 11.063 ms - 155[0m
[0mGET /js/home_post_comments.js [33m404[0m 10.950 ms - 163[0m
[0mGET /css/user_profile.css [33m404[0m 13.944 ms - 159[0m
[0mGET /js/home_posts.js [33m404[0m 9.175 ms - 155[0m
[0mGET /css/layout.css [33m404[0m 15.299 ms - 153[0m
[0mGET /js/toggle_likes.js [33m404[0m 4.053 ms - 157[0m
[0mGET /js/chat_engine.js [33m404[0m 3.599 ms - 156[0m
[0mGET /js/home_post_comments.js [33m404[0m 3.355 ms - 163[0m
[0mGET /js/home_posts.js [33m404[0m 5.408 ms - 155[0m
[0mGET /js/toggle_likes.js [33m404[0m 3.319 ms - 157[0m
[0mGET /js/chat_engine.js [33m404[0m 2.240 ms - 156[0m
[0mGET / [36m304[0m 128.820 ms - -[0m
[0mGET /css/chat_box.css [33m404[0m 17.840 ms - 155[0m
[0mGET /users/sign-in [36m304[0m 7.082 ms - -[0m
[0mGET /users/sign-in [36m304[0m 10.850 ms - -[0m
[0mGET /users/sign-in [36m304[0m 10.420 ms - -[0m
[0mGET /users/sign-in [36m304[0m 8.058 ms - -[0m
[0mGET /users/sign-in [36m304[0m 45.897 ms - -[0m
[0mGET /css/chat_box.css [33m404[0m 6.327 ms - 155[0m
[0mGET / [36m304[0m 101.280 ms - -[0m
[0mGET /css/chat_box.css [33m404[0m 8.752 ms - 155[0m
[0mGET /js/home_post_comments.js [33m404[0m 6.817 ms - 163[0m
[0mGET /css/layout.css [33m404[0m 28.414 ms - 153[0m
[0mGET /js/home_posts.js [33m404[0m 29.974 ms - 155[0m
[0mGET /css/user_profile.css [33m404[0m 28.873 ms - 159[0m
[0mGET /js/toggle_likes.js [33m404[0m 24.310 ms - 157[0m
[0mGET /js/chat_engine.js [33m404[0m 15.958 ms - 156[0m
[0mGET /js/home_post_comments.js [33m404[0m 3.136 ms - 163[0m
[0mGET /js/home_posts.js [33m404[0m 5.763 ms - 155[0m
[0mGET /js/toggle_likes.js [33m404[0m 3.388 ms - 157[0m
[0mGET /js/chat_engine.js [33m404[0m 4.037 ms - 156[0m
[0mGET / [36m304[0m 115.668 ms - -[0m
[0mGET /css/chat_box.css [33m404[0m 21.221 ms - 155[0m
[0mGET / [36m304[0m 49.683 ms - -[0m
[0mGET /css/chat_box.css [33m404[0m 8.784 ms - 155[0m
[0mGET /users/sign-in [36m304[0m 7.087 ms - -[0m
[0mGET / [36m304[0m 54.810 ms - -[0m
[0mGET /css/chat_box.css [33m404[0m 10.027 ms - 155[0m
