[0mGET / [36m304[0m 54.512 ms - -[0m
[0mGET /css/chat_box.css [33m404[0m 9.189 ms - 155[0m
[0mGET /users/profile/5e9033547fe925202f7800b9 [36m302[0m 92.988 ms - 72[0m
[0mGET /users/sign-in [36m304[0m 4.738 ms - -[0m
[0mGET /users/sign-in [36m304[0m 6.443 ms - -[0m
[0mGET /users/sign-in [36m304[0m 80.256 ms - -[0m
[0mGET /users/sign-up [36m304[0m 108.058 ms - -[0m
[0mGET /users/sign-in [36m304[0m 4.122 ms - -[0m
[0mPOST /users/create-session [36m302[0m 32.643 ms - 46[0m
[0mGET / [32m200[0m 171.100 ms - 11758[0m
[0mGET /css/chat_box.css [33m404[0m 12.784 ms - 155[0m
[0mPOST /comments/create [36m302[0m 49.565 ms - 46[0m
[0mGET / [32m200[0m 103.467 ms - 12219[0m
[0mGET /css/chat_box.css [33m404[0m 7.195 ms - 155[0m
[0mPOST /posts/create [32m200[0m 16.550 ms - 262[0m
[0mGET /users/sign-out [36m302[0m 7.059 ms - 46[0m
[0mGET / [32m200[0m 38.132 ms - 8908[0m
[0mGET /css/chat_box.css [33m404[0m 2.983 ms - 155[0m
[0mGET / [32m200[0m 137.036 ms - 8619[0m
[0mGET /css/chat_box.css [33m404[0m 6.100 ms - 155[0m
[0mGET /css/chat_box.css [33m404[0m 3.788 ms - 155[0m
[0mGET /users/sign-in [36m304[0m 7.851 ms - -[0m
[0mPOST /users/create-session [36m302[0m 15.431 ms - 46[0m
[0mGET / [32m200[0m 52.432 ms - 13677[0m
[0mGET /css/chat_box.css [33m404[0m 14.108 ms - 155[0m
[0mGET /posts/destroy/5eb5b80a8ad91c39a806b1d1 [36m302[0m 33.028 ms - 88[0m
[0mGET / [32m200[0m 50.560 ms - 12238[0m
[0mGET /css/chat_box.css [33m404[0m 13.003 ms - 155[0m
[0mGET /users/sign-out [36m302[0m 8.109 ms - 46[0m
[0mGET / [32m200[0m 36.424 ms - 8308[0m
[0mGET /css/chat_box.css [33m404[0m 6.717 ms - 155[0m
[0mGET / [32m200[0m 41.853 ms - 8027[0m
[0mGET /css/chat_box.css [33m404[0m 3.003 ms - 155[0m
[0mGET / [32m200[0m 54.682 ms - 8060[0m
[0mGET /css/chat_box.css [33m404[0m 6.254 ms - 155[0m
[0mGET / [32m200[0m 38.786 ms - 8061[0m
[0mGET /css/chat_box.css [33m404[0m 3.247 ms - 155[0m
[0mGET / [36m304[0m 33.838 ms - -[0m
[0mGET /css/chat_box.css [33m404[0m 6.032 ms - 155[0m
[0mGET /users/profile/5e9033547fe925202f7800b9 [36m302[0m 2.969 ms - 72[0m
[0mGET /users/sign-in [36m304[0m 3.219 ms - -[0m
[0mPOST /users/create-session [36m302[0m 12.020 ms - 46[0m
[0mGET / [32m200[0m 35.782 ms - 12273[0m
[0mGET /css/chat_box.css [33m404[0m 17.765 ms - 155[0m
[0mGET /users/sign-out [36m302[0m 7.440 ms - 46[0m
[0mGET / [32m200[0m 38.007 ms - 8350[0m
[0mGET /css/chat_box.css [33m404[0m 2.720 ms - 155[0m
[0mGET / [0m-[0m - ms - -[0m
[0mGET / [0m-[0m - ms - -[0m
[0mGET / [32m200[0m 312.588 ms - 8061[0m
[0mGET /css/chat_box.css [33m404[0m 13.658 ms - 155[0m
[0mGET /css/chat_box.css [33m404[0m 2.667 ms - 155[0m
[0mGET /favicon.ico [33m404[0m 2.827 ms - 150[0m
[0mGET /users/profile/5e90c33a6d898428b5af0de5 [36m302[0m 65.441 ms - 72[0m
[0mGET /users/sign-in [36m304[0m 40.425 ms - -[0m
[0mGET / [36m304[0m 49.840 ms - -[0m
[0mGET /css/chat_box.css [33m404[0m 8.213 ms - 155[0m
[0mGET /users/profile/5e9033547fe925202f7800b9 [36m302[0m 3.548 ms - 72[0m
[0mGET /users/sign-in [36m304[0m 3.675 ms - -[0m
[0mPOST /users/create-session [36m302[0m 62.291 ms - 46[0m
[0mGET / [32m200[0m 41.915 ms - 12273[0m
[0mGET /css/chat_box.css [33m404[0m 12.881 ms - 155[0m
[0mGET /users/profile/5e96d0886fbe60201ac1466b [32m200[0m 25.995 ms - 2090[0m
[0mGET / [32m200[0m 45.798 ms - 11982[0m
[0mGET /css/chat_box.css [33m404[0m 9.214 ms - 155[0m
[0mGET /css/chat_box.css [33m404[0m 194.148 ms - 155[0m
[0mGET / [32m200[0m 606.606 ms - 8060[0m
[0mGET /css/chat_box.css [33m404[0m 34.525 ms - 155[0m
[0mGET /favicon.ico [33m404[0m 4.666 ms - 150[0m
[0mGET /users/sign-in [32m200[0m 28.949 ms - 2310[0m
[0mGET /users/css/layout.css [33m404[0m 6.344 ms - 159[0m
[0mGET /users/sign-in [32m200[0m 46.528 ms - 2310[0m
[0mGET /users/css/layout.css [33m404[0m 10.867 ms - 159[0m
[0mGET /users/css/user_profile.css [33m404[0m 24.800 ms - 165[0m
[0mGET /users/sign-up [32m200[0m 10.179 ms - 2385[0m
[0mGET /users/css/layout.css [33m404[0m 5.288 ms - 159[0m
[0mGET /users/css/user_profile.css [33m404[0m 8.892 ms - 165[0m
[0mGET /users/sign-in [36m304[0m 14.127 ms - -[0m
[0mGET /users/css/layout.css [33m404[0m 8.653 ms - 159[0m
[0mGET /users/css/user_profile.css [33m404[0m 6.157 ms - 165[0m
[0mPOST /users/create-session [36m302[0m 60.318 ms - 46[0m
[0mGET / [32m200[0m 92.482 ms - 12272[0m
[0mGET /css/chat_box.css [33m404[0m 15.516 ms - 155[0m
[0mGET /users/sign-out [36m302[0m 7.792 ms - 46[0m
[0mGET / [32m200[0m 57.882 ms - 8349[0m
[0mGET /css/chat_box.css [33m404[0m 4.280 ms - 155[0m
[0mGET / [32m200[0m 124.155 ms - 8009[0m
[0mGET / [36m304[0m 54.158 ms - -[0m
[0mGET / [36m304[0m 116.294 ms - -[0m
[0mGET /favicon.ico [33m404[0m 4.953 ms - 150[0m
[0mGET /users/profile/5e9033547fe925202f7800b9 [36m302[0m 12.485 ms - 72[0m
[0mGET /users/sign-in [36m304[0m 5.703 ms - -[0m
[0mGET /users/css/layout.css [33m404[0m 5.769 ms - 159[0m
[0mGET /users/css/user_profile.css [33m404[0m 6.556 ms - 165[0m
[0mGET /users/sign-in [36m304[0m 8.757 ms - -[0m
[0mGET /users/css/layout.css [33m404[0m 9.696 ms - 159[0m
[0mGET /users/css/user_profile.css [33m404[0m 14.685 ms - 165[0m
[0mPOST /users/create-session [36m302[0m 12.768 ms - 46[0m
[0mGET / [32m200[0m 62.485 ms - 12221[0m
[0mPOST /comments/create [36m302[0m 273.701 ms - 46[0m
[0mGET / [32m200[0m 112.478 ms - 12683[0m
[0mPOST /posts/create [32m200[0m 20.978 ms - 275[0m
[0mPOST /likes/toggle/?id=5eb65e1fcf23111d77d5969e&type=Post [32m200[0m 27.651 ms - 58[0m
[0mGET / [32m200[0m 64.835 ms - 13861[0m
[0mGET /posts/destroy/5eb65e1fcf23111d77d5969e [36m302[0m 32.205 ms - 88[0m
[0mGET / [32m200[0m 48.894 ms - 12702[0m
[0mGET /users/sign-out [36m302[0m 9.750 ms - 46[0m
[0mGET / [32m200[0m 53.394 ms - 8607[0m
[0mGET / [32m200[0m 415.315 ms - 8318[0m
[0mGET /favicon.ico [33m404[0m 5.514 ms - 150[0m
[0mGET / [32m200[0m 45.019 ms - 8310[0m
[0mGET / [32m200[0m 44.566 ms - 8286[0m
[0mGET / [32m200[0m 37.025 ms - 8286[0m
[0mGET /users/sign-in [36m304[0m 23.005 ms - -[0m
[0mGET /users/css/layout.css [33m404[0m 3.379 ms - 159[0m
[0mGET /users/css/user_profile.css [33m404[0m 3.737 ms - 165[0m
[0mPOST /users/create-session [36m302[0m 69.600 ms - 46[0m
[0mGET / [32m200[0m 41.058 ms - 12647[0m
[0mGET / [32m200[0m 44.919 ms - 12355[0m
[0mGET /users/sign-out [36m302[0m 9.399 ms - 46[0m
[0mGET / [32m200[0m 36.444 ms - 8574[0m
[0mGET /users/sign-in [36m304[0m 3.910 ms - -[0m
[0mGET /users/css/user_profile.css [33m404[0m 3.397 ms - 165[0m
[0mGET /users/css/layout.css [33m404[0m 8.881 ms - 159[0m
[0mPOST /users/create-session [36m302[0m 7.812 ms - 46[0m
[0mGET / [32m200[0m 46.389 ms - 12646[0m
[0mGET /users/profile/5e9033547fe925202f7800b9 [32m200[0m 25.819 ms - 2481[0m
[0mGET /users/profile/css/user_profile.css [33m404[0m 12.719 ms - 173[0m
[0mGET /users/profile/css/layout.css [33m404[0m 14.651 ms - 167[0m
[0mGET / [32m200[0m 50.507 ms - 12355[0m
[0mGET /users/sign-out [36m302[0m 9.035 ms - 46[0m
[0mGET / [32m200[0m 26.548 ms - 8574[0m
[0mGET / [32m200[0m 31.879 ms - 8285[0m
[0mGET / [36m304[0m 35.805 ms - -[0m
[0mGET / [36m304[0m 26.456 ms - -[0m
[0mGET / [36m304[0m 38.448 ms - -[0m
[0mGET / [36m304[0m 25.820 ms - -[0m
[0mGET / [36m304[0m 26.552 ms - -[0m
[0mGET / [36m304[0m 33.604 ms - -[0m
[0mGET / [32m200[0m 163.079 ms - 8313[0m
[0mGET /users/profile/5e9033547fe925202f7800b9 [36m302[0m 14.359 ms - 72[0m
[0mGET /users/sign-in [32m200[0m 7.130 ms - 2338[0m
[0mGET /users/css/layout.css [33m404[0m 9.970 ms - 159[0m
[0mGET /users/css/user_profile.css [33m404[0m 11.609 ms - 165[0m
[0mGET / [36m304[0m 43.428 ms - -[0m
[0mGET /users/sign-in [36m304[0m 3.634 ms - -[0m
[0mGET /users/css/layout.css [33m404[0m 4.222 ms - 159[0m
[0mGET /users/css/user_profile.css [33m404[0m 6.913 ms - 165[0m
[0mGET / [36m304[0m 33.634 ms - -[0m
[0mGET /users/profile/5e943bd0c72b9b32b82c9dd6 [36m302[0m 4.832 ms - 72[0m
[0mGET /users/sign-in [36m304[0m 4.842 ms - -[0m
[0mGET /users/css/layout.css [33m404[0m 4.303 ms - 159[0m
[0mGET /users/css/user_profile.css [33m404[0m 8.665 ms - 165[0m
[0mPOST /users/create-session [36m302[0m 9.860 ms - 46[0m
[0mGET / [32m200[0m 35.862 ms - 12646[0m
[0mPOST /likes/toggle/?id=5eb58b5d5158281c55b9357d&type=Post [32m200[0m 89.722 ms - 58[0m
[0mPOST /likes/toggle/?id=5eb58b5d5158281c55b9357d&type=Post [32m200[0m 19.180 ms - 57[0m
[0mPOST /likes/toggle/?id=5eb58b5d5158281c55b9357d&type=Post [32m200[0m 22.655 ms - 58[0m
[0mPOST /likes/toggle/?id=5eb58b5d5158281c55b9357d&type=Post [32m200[0m 14.149 ms - 57[0m
[0mPOST /likes/toggle/?id=5eb58b5d5158281c55b9357d&type=Post [32m200[0m 14.600 ms - 58[0m
[0mPOST /likes/toggle/?id=5eb58b5d5158281c55b9357d&type=Post [32m200[0m 20.272 ms - 57[0m
[0mPOST /likes/toggle/?id=5eb58b675158281c55b93581&type=Comment [32m200[0m 15.513 ms - 58[0m
[0mPOST /likes/toggle/?id=5eb58b675158281c55b93581&type=Comment [32m200[0m 16.283 ms - 57[0m
[0mPOST /comments/create [36m302[0m 23.799 ms - 46[0m
[0mGET / [32m200[0m 111.202 ms - 13107[0m
[0mPOST /posts/create [32m200[0m 14.395 ms - 260[0m
[0mPOST /likes/toggle/?id=5eb663f43073b00cb7539723&type=Post [32m200[0m 14.420 ms - 58[0m
[0mGET /users/profile/5e943bd0c72b9b32b82c9dd6 [32m200[0m 10.974 ms - 2071[0m
[0mGET /users/profile/css/layout.css [33m404[0m 6.144 ms - 167[0m
[0mGET /users/profile/css/user_profile.css [33m404[0m 7.901 ms - 173[0m
[0mGET / [32m200[0m 50.929 ms - 14272[0m
[0mGET /posts/destroy/5eb663f43073b00cb7539723 [36m302[0m 23.471 ms - 88[0m
[0mGET / [32m200[0m 31.728 ms - 13126[0m
[0mGET /users/profile/5e9033547fe925202f7800b9 [32m200[0m 12.599 ms - 2481[0m
[0mGET /users/profile/css/layout.css [33m404[0m 16.767 ms - 167[0m
[0mGET /users/profile/css/user_profile.css [33m404[0m 19.906 ms - 173[0m
[0mPOST /users/update/5e9033547fe925202f7800b9 [36m302[0m 58.523 ms - 164[0m
[0mGET /users/profile/5e9033547fe925202f7800b9 [32m200[0m 16.766 ms - 2481[0m
[0mGET /users/profile/css/user_profile.css [33m404[0m 17.330 ms - 173[0m
[0mGET /users/profile/css/layout.css [33m404[0m 21.824 ms - 167[0m
[0mGET / [32m200[0m 41.264 ms - 12820[0m
[0mGET /users/sign-out [36m302[0m 8.550 ms - 46[0m
[0mGET / [32m200[0m 36.860 ms - 8910[0m
[0mGET / [32m200[0m 32.356 ms - 8621[0m
[0mGET /users/sign-in [36m304[0m 5.151 ms - -[0m
[0mGET /users/css/layout.css [33m404[0m 3.248 ms - 159[0m
[0mGET /users/css/user_profile.css [33m404[0m 2.184 ms - 165[0m
[0mGET /users/auth/google [36m302[0m 8.308 ms - 0[0m
[0mGET /users/auth/google/callback?code=4%2FzgHxMjxvSwxfgb_enCjsLCaEl9WnuJPVCuNv73cZkz7JaGxmpwsDBqPTDAtOIKyhgUL0plKd8RE5mbh4XMalOIU&scope=email+profile+https%3A%2F%2Fwww.googleapis.com%2Fauth%2Fuserinfo.email+openid+https%3A%2F%2Fwww.googleapis.com%2Fauth%2Fuserinfo.profile&authuser=0&prompt=none [36m302[0m 993.192 ms - 46[0m
[0mGET / [32m200[0m 34.079 ms - 13278[0m
[0mGET /users/sign-out [36m302[0m 9.288 ms - 46[0m
[0mGET / [32m200[0m 35.766 ms - 8910[0m
[0mGET / [32m200[0m 40.778 ms - 8621[0m
[0mGET /users/profile/5e90c33a6d898428b5af0de5 [36m302[0m 4.413 ms - 72[0m
[0mGET /users/sign-in [36m304[0m 2.292 ms - -[0m
[0mGET /users/css/layout.css [33m404[0m 6.841 ms - 159[0m
[0mGET /users/css/user_profile.css [33m404[0m 4.975 ms - 165[0m
[0mGET / [36m304[0m 36.956 ms - -[0m
[0mGET /users/sign-in [36m304[0m 4.876 ms - -[0m
[0mGET /users/css/layout.css [33m404[0m 4.362 ms - 159[0m
[0mGET /users/css/user_profile.css [33m404[0m 6.269 ms - 165[0m
[0mGET /users/auth/google [36m302[0m 5.716 ms - 0[0m
[0mGET /users/auth/google/callback?code=4%2FzgE3fiSzHBmU1ASyDKuVvzppkVXnZEkN_SZt-Z61qGeCXz1V9d5LkpW2jqEMGD2uIIG-nIpV6T2v6mJE1-r_xCg&scope=email+profile+openid+https%3A%2F%2Fwww.googleapis.com%2Fauth%2Fuserinfo.profile+https%3A%2F%2Fwww.googleapis.com%2Fauth%2Fuserinfo.email&authuser=0&prompt=none [36m302[0m 806.874 ms - 46[0m
[0mGET / [32m200[0m 29.660 ms - 13278[0m
[0mGET /posts/destroy/5e9445726d354637f486d5da [36m302[0m 23.995 ms - 88[0m
[0mGET / [32m200[0m 27.246 ms - 8565[0m
[0mGET /users/sign-out [36m302[0m 7.365 ms - 46[0m
[0mGET / [32m200[0m 19.246 ms - 6135[0m
[0mGET /users/profile/5eb58abddef2be1bfb820f2f [36m302[0m 3.843 ms - 72[0m
[0mGET /users/sign-in [36m304[0m 5.157 ms - -[0m
[0mGET /users/css/layout.css [33m404[0m 3.934 ms - 159[0m
[0mGET /users/css/user_profile.css [33m404[0m 9.989 ms - 165[0m
[0mPOST /users/create-session [36m302[0m 7.226 ms - 46[0m
[0mGET / [32m200[0m 19.576 ms - 8861[0m
[0mGET /posts/destroy/5eb58b5d5158281c55b9357d [36m302[0m 21.100 ms - 88[0m
[0mGET / [32m200[0m 12.994 ms - 5559[0m
[0mGET /posts/destroy/5eb58b5c5158281c55b9357c [36m302[0m 21.062 ms - 88[0m
[0mGET / [32m200[0m 12.330 ms - 4105[0m
[0mPOST /posts/create [32m200[0m 15.693 ms - 263[0m
[0mGET /users/profile/5e943bd0c72b9b32b82c9dd6 [32m200[0m 9.211 ms - 2028[0m
[0mGET /users/profile/css/layout.css [33m404[0m 13.990 ms - 167[0m
[0mGET /users/profile/css/user_profile.css [33m404[0m 18.261 ms - 173[0m
[0mGET / [32m200[0m 21.651 ms - 5254[0m
[0mPOST /posts/create [32m200[0m 15.934 ms - 416[0m
[0mGET /users/profile/5e90c33a6d898428b5af0de5 [32m200[0m 9.594 ms - 2036[0m
[0mGET /users/profile/css/layout.css [33m404[0m 3.913 ms - 167[0m
[0mGET /users/profile/css/user_profile.css [33m404[0m 7.720 ms - 173[0m
[0mGET / [32m200[0m 29.329 ms - 6862[0m
[0mGET / [36m304[0m 18.364 ms - -[0m
[0mGET / [36m304[0m 19.152 ms - -[0m
[0mGET / [36m304[0m 16.469 ms - -[0m
[0mPOST /posts/create [32m200[0m 20.083 ms - 261[0m
[0mGET / [32m200[0m 21.039 ms - 8315[0m
[0mPOST /posts/create [32m200[0m 14.392 ms - 260[0m
[0mGET / [32m200[0m 21.467 ms - 9767[0m
[0mGET / [36m304[0m 21.677 ms - -[0m
[0mGET / [36m304[0m 21.605 ms - -[0m
[0mGET / [36m304[0m 22.769 ms - -[0m
[0mGET / [36m304[0m 22.866 ms - -[0m
[0mGET / [36m304[0m 22.136 ms - -[0m
[0mGET / [36m304[0m 20.050 ms - -[0m
[0mGET / [36m304[0m 22.105 ms - -[0m
[0mGET / [36m304[0m 21.996 ms - -[0m
[0mGET / [36m304[0m 21.006 ms - -[0m
[0mGET / [36m304[0m 22.648 ms - -[0m
[0mGET / [36m304[0m 20.430 ms - -[0m
[0mGET / [36m304[0m 21.533 ms - -[0m
[0mGET / [36m304[0m 19.704 ms - -[0m
[0mGET / [36m304[0m 23.881 ms - -[0m
[0mGET / [36m304[0m 17.834 ms - -[0m
[0mPOST /likes/toggle/?id=5eb665463073b00cb7539727&type=Post [32m200[0m 20.877 ms - 58[0m
[0mPOST /likes/toggle/?id=5eb665463073b00cb7539727&type=Post [32m200[0m 15.204 ms - 57[0m
[0mPOST /likes/toggle/?id=5eb665463073b00cb7539727&type=Post [32m200[0m 17.651 ms - 58[0m
[0mPOST /likes/toggle/?id=5eb665463073b00cb7539727&type=Post [32m200[0m 18.395 ms - 57[0m
[0mPOST /likes/toggle/?id=5eb665463073b00cb7539727&type=Post [32m200[0m 19.074 ms - 58[0m
[0mGET / [32m200[0m 16.786 ms - 9767[0m
[0mGET / [36m304[0m 16.397 ms - -[0m
[0mGET / [32m200[0m 112.108 ms - 9779[0m
[0mGET / [36m304[0m 34.644 ms - -[0m
[0mGET / [36m304[0m 31.592 ms - -[0m
[0mGET / [36m304[0m 27.908 ms - -[0m
[0mGET /likes/toggle/?id=5eb665463073b00cb7539727&type=Post [33m404[0m 10.175 ms - 152[0m
[0mPOST /likes/toggle/?id=5eb665463073b00cb7539727&type=Post [32m200[0m 29.658 ms - 57[0m
[0mPOST /likes/toggle/?id=5eb665463073b00cb7539727&type=Post [32m200[0m 22.596 ms - 58[0m
[0mPOST /likes/toggle/?id=5eb665463073b00cb7539727&type=Post [32m200[0m 20.958 ms - 57[0m
[0mPOST /likes/toggle/?id=5eb665463073b00cb7539727&type=Post [32m200[0m 19.558 ms - 58[0m
[0mPOST /likes/toggle/?id=5eb665463073b00cb7539727&type=Post [32m200[0m 18.944 ms - 57[0m
[0mPOST /likes/toggle/?id=5eb665463073b00cb7539727&type=Post [32m200[0m 16.559 ms - 58[0m
[0mPOST /likes/toggle/?id=5eb665463073b00cb7539727&type=Post [32m200[0m 21.400 ms - 57[0m
[0mPOST /likes/toggle/?id=5eb665463073b00cb7539727&type=Post [32m200[0m 15.481 ms - 58[0m
[0mPOST /likes/toggle/?id=5eb665463073b00cb7539727&type=Post [32m200[0m 23.305 ms - 57[0m
[0mPOST /likes/toggle/?id=5eb665463073b00cb7539727&type=Post [32m200[0m 17.524 ms - 58[0m
[0mPOST /likes/toggle/?id=5eb665463073b00cb7539727&type=Post [32m200[0m 15.717 ms - 57[0m
[0mGET / [32m200[0m 125.635 ms - 9919[0m
[0mGET / [36m304[0m 108.471 ms - -[0m
[0mGET / [32m200[0m 100.302 ms - 9995[0m
[0mGET / [36m304[0m 31.014 ms - -[0m
[0mGET / [36m304[0m 32.690 ms - -[0m
[0mGET / [36m304[0m 129.378 ms - -[0m
[0mGET / [36m304[0m 98.691 ms - -[0m
[0mGET / [31m500[0m 119.961 ms - 148[0m
[0mGET / [32m200[0m 123.718 ms - 9995[0m
[0mGET /users/sign-out [36m302[0m 20.652 ms - 46[0m
[0mGET / [32m200[0m 29.446 ms - 6480[0m
[0mGET /users/profile/5e9033547fe925202f7800b9 [36m302[0m 5.030 ms - 72[0m
[0mGET /users/sign-in [36m304[0m 14.960 ms - -[0m
[0mGET /users/css/layout.css [33m404[0m 11.008 ms - 159[0m
[0mGET /users/css/user_profile.css [33m404[0m 17.625 ms - 165[0m
[0mGET /users/auth/google [36m302[0m 9.326 ms - 0[0m
[0mGET /users/auth/google/callback?code=4%2FzgF6CMViRe05dftq32DLk5awj60R3KiEHmZCE1EoDGclUCR3GF4kb-Sf3XnGjNK4A7DML1nq0Ynu6kt8e9XGhhU&scope=email+profile+https%3A%2F%2Fwww.googleapis.com%2Fauth%2Fuserinfo.profile+https%3A%2F%2Fwww.googleapis.com%2Fauth%2Fuserinfo.email+openid&authuser=0&prompt=none [36m302[0m 1001.598 ms - 46[0m
[0mGET / [32m200[0m 25.232 ms - 9657[0m
[0mPOST /posts/create [32m200[0m 28.198 ms - 276[0m
[0mGET / [32m200[0m 26.217 ms - 10891[0m
[0mGET /users/profile/5e90c33a6d898428b5af0de5 [32m200[0m 13.656 ms - 2505[0m
[0mGET /users/profile/css/layout.css [33m404[0m 8.875 ms - 167[0m
[0mGET /users/profile/css/user_profile.css [33m404[0m 7.876 ms - 173[0m
[0mGET / [36m304[0m 30.223 ms - -[0m
[0mGET / [36m304[0m 22.996 ms - -[0m
[0mGET /users/sign-out [36m302[0m 6.013 ms - 46[0m
[0mGET / [32m200[0m 18.913 ms - 7151[0m
[0mGET /users/profile/5e9033547fe925202f7800b9 [36m302[0m 2.676 ms - 72[0m
[0mGET /users/sign-in [36m304[0m 3.758 ms - -[0m
[0mGET /users/css/layout.css [33m404[0m 5.482 ms - 159[0m
[0mGET /users/css/user_profile.css [33m404[0m 3.811 ms - 165[0m
[0mPOST /users/create-session [36m302[0m 7.312 ms - 46[0m
[0mGET / [32m200[0m 23.733 ms - 11015[0m
[0mPOST /posts/create [32m200[0m 16.630 ms - 262[0m
[0mGET /users/profile/5e9033547fe925202f7800b9 [32m200[0m 12.236 ms - 2481[0m
[0mGET /users/profile/css/layout.css [33m404[0m 7.303 ms - 167[0m
[0mGET /users/profile/css/user_profile.css [33m404[0m 9.456 ms - 173[0m
[0mGET / [32m200[0m 32.282 ms - 12235[0m
[0mGET / [36m304[0m 45.128 ms - -[0m
[0mGET / [36m304[0m 27.347 ms - -[0m
[0mGET / [36m304[0m 31.429 ms - -[0m
[0mPOST /posts/create [32m200[0m 15.160 ms - 260[0m
[0mGET / [32m200[0m 47.469 ms - 13744[0m
[0mPOST /likes/toggle/?id=5eb66b36f90adf144a401ce4&type=Post [32m200[0m 25.930 ms - 58[0m
[0mGET /posts/destroy/5eb66b36f90adf144a401ce4 [36m302[0m 25.023 ms - 88[0m
[0mGET / [32m200[0m 30.502 ms - 12541[0m
[0mGET /posts/destroy/5eb66b0bf90adf144a401ce3 [36m302[0m 22.615 ms - 88[0m
[0mGET / [32m200[0m 24.042 ms - 11030[0m
[0mGET /users/sign-out [36m302[0m 7.053 ms - 46[0m
[0mGET / [32m200[0m 15.965 ms - 7151[0m
